<?xml version="1.0" encoding="UTF-8"?>
<!-- Generated by org.testng.reporters.JUnitReportReporter -->
<testsuite hostname="DESKTOP-TASGCT9" failures="0" tests="8" name="automationpractice.testcases.SignInPageTest" time="117.936" errors="0" timestamp="2022-03-25T14:27:55 GMT-04:00" skipped="0">
  <testcase classname="automationpractice.testcases.SignInPageTest" name="SignInPageTitleTest" time="11.486"/>
  <testcase classname="automationpractice.testcases.SignInPageTest" name="SignInPageHeaderTest" time="12.047"/>
  <testcase classname="automationpractice.testcases.SignInPageTest" name="ValidloginTest" time="11.826"/>
  <testcase classname="automationpractice.testcases.SignInPageTest" name="InvalidUsernameloginTest" time="11.990"/>
  <testcase classname="automationpractice.testcases.SignInPageTest" name="InvalidPasswordloginTest" time="21.023"/>
  <testcase classname="automationpractice.testcases.SignInPageTest" name="InvalidCredentialsloginTest" time="24.494"/>
  <testcase classname="automationpractice.testcases.SignInPageTest" name="validForgotPasswordLinkFunction" time="10.394"/>
  <testcase classname="automationpractice.testcases.SignInPageTest" name="invalidForgotPasswordLinkFunction" time="14.676"/>
</testsuite> <!-- automationpractice.testcases.SignInPageTest -->
