<?xml version="1.0" encoding="UTF-8"?>
<!-- Generated by org.testng.reporters.JUnitReportReporter -->
<testsuite hostname="DESKTOP-TASGCT9" failures="0" tests="1" name="automationpractice.testcases.FirstPageTest" time="12.433" errors="0" timestamp="2022-03-26T15:50:16 GMT-04:00" skipped="0">
  <testcase classname="automationpractice.testcases.FirstPageTest" name="logoCheckTest" time="12.433"/>
</testsuite> <!-- automationpractice.testcases.FirstPageTest -->
