<?xml version="1.0" encoding="UTF-8"?>
<!-- Generated by org.testng.reporters.JUnitReportReporter -->
<testsuite hostname="DESKTOP-TASGCT9" failures="0" tests="26" name="automationpractice.testcases.SignInPageTest" time="275.323" errors="0" timestamp="2022-03-26T15:50:16 GMT-04:00" skipped="0">
  <testcase classname="automationpractice.testcases.SignInPageTest" name="signInPageTitleTest" time="7.786"/>
  <testcase classname="automationpractice.testcases.SignInPageTest" name="signInPageHeaderTest" time="8.754"/>
  <testcase classname="automationpractice.testcases.SignInPageTest" name="validloginTest" time="10.610"/>
  <testcase classname="automationpractice.testcases.SignInPageTest" name="emptyUsernameWithValidPasswordloginTest" time="10.035"/>
  <testcase classname="automationpractice.testcases.SignInPageTest" name="emptyUsernameWithInvalidPasswordloginTest" time="11.566"/>
  <testcase classname="automationpractice.testcases.SignInPageTest" name="unregisteredUsernameWithValidPasswordLoginTest" time="10.126"/>
  <testcase classname="automationpractice.testcases.SignInPageTest" name="unregisteredUsernameWithUnregisteredPasswordLoginTest" time="10.824"/>
  <testcase classname="automationpractice.testcases.SignInPageTest" name="invalidPasswordWithValidUsernameloginTest" time="10.221"/>
  <testcase classname="automationpractice.testcases.SignInPageTest" name="invalidCredentialsloginTest" time="14.277"/>
  <testcase classname="automationpractice.testcases.SignInPageTest" name="stringAsUsernameWithValidPasswordTest" time="13.986"/>
  <testcase classname="automationpractice.testcases.SignInPageTest" name="stringAsUsernameWithEmptyPasswordTest" time="10.042"/>
  <testcase classname="automationpractice.testcases.SignInPageTest" name="stringAsUsernameWithInvalidPasswordTest" time="10.922"/>
  <testcase classname="automationpractice.testcases.SignInPageTest" name="numberAsUsernameWithValidPassword" time="9.731"/>
  <testcase classname="automationpractice.testcases.SignInPageTest" name="numberAsUsernameWithEmptyPassword" time="9.651"/>
  <testcase classname="automationpractice.testcases.SignInPageTest" name="numberAsUsernameWithInvalidPassword" time="9.809"/>
  <testcase classname="automationpractice.testcases.SignInPageTest" name="specialCharAsUsernameWithValidPassword" time="10.314"/>
  <testcase classname="automationpractice.testcases.SignInPageTest" name="specialCharAsUsernameWithEmptyPassword" time="10.047"/>
  <testcase classname="automationpractice.testcases.SignInPageTest" name="specialCharAsUsernameWithInvalidPassword" time="9.430"/>
  <testcase classname="automationpractice.testcases.SignInPageTest" name="missingDotAsEmailWithValidPasswordTest" time="10.436"/>
  <testcase classname="automationpractice.testcases.SignInPageTest" name="missingDotAsEmailWithEmptyPasswordTest" time="10.515"/>
  <testcase classname="automationpractice.testcases.SignInPageTest" name="missingDotAsEmailWithInvalidPasswordTest" time="9.964"/>
  <testcase classname="automationpractice.testcases.SignInPageTest" name="twoAtSignInEmailWithValidPasswordTest" time="9.343"/>
  <testcase classname="automationpractice.testcases.SignInPageTest" name="twoAtSignInEmailAddressWithEmptyPassword" time="11.656"/>
  <testcase classname="automationpractice.testcases.SignInPageTest" name="twoAtSignInEmailAddressWithInvalidPassword" time="11.398"/>
  <testcase classname="automationpractice.testcases.SignInPageTest" name="validForgotPasswordLinkFunction" time="13.766"/>
  <testcase classname="automationpractice.testcases.SignInPageTest" name="invalidForgotPasswordLinkFunction" time="10.114"/>
</testsuite> <!-- automationpractice.testcases.SignInPageTest -->
