<?xml version="1.0" encoding="UTF-8"?>
<!-- Generated by org.testng.reporters.JUnitReportReporter -->
<testsuite hostname="DESKTOP-TASGCT9" failures="0" tests="1" name="automationpractice.testcases.FirstPageTest" time="9.928" errors="0" timestamp="2022-03-25T14:51:26 GMT-04:00" skipped="0">
  <testcase classname="automationpractice.testcases.FirstPageTest" name="logoCheckTest" time="9.928"/>
</testsuite> <!-- automationpractice.testcases.FirstPageTest -->
